0 info it worked if it ends with ok
1 verbose cli [ '/usr/local/bin/node', '/usr/local/bin/npm', 'publish' ]
2 info using npm@3.10.3
3 info using node@v4.2.1
4 verbose publish [ '.' ]
5 silly cache add args [ '.', null ]
6 verbose cache add spec .
7 silly cache add parsed spec Result {
7 silly cache add   raw: '.',
7 silly cache add   scope: null,
7 silly cache add   escapedName: null,
7 silly cache add   name: null,
7 silly cache add   rawSpec: '.',
7 silly cache add   spec: '/Users/ugo/www/archives/component/mdl/datepicker',
7 silly cache add   type: 'directory' }
8 verbose addLocalDirectory /Users/ugo/.npm/ugosansh-mdl-datepicker/1.1.1/package.tgz not in flight; packing
9 verbose correctMkdir /Users/ugo/.npm correctMkdir not in flight; initializing
10 info lifecycle ugosansh-mdl-datepicker@1.1.1~prepublish: ugosansh-mdl-datepicker@1.1.1
11 silly lifecycle ugosansh-mdl-datepicker@1.1.1~prepublish: no script for prepublish, continuing
12 verbose tar pack [ '/Users/ugo/.npm/ugosansh-mdl-datepicker/1.1.1/package.tgz',
12 verbose tar pack   '/Users/ugo/www/archives/component/mdl/datepicker' ]
13 verbose tarball /Users/ugo/.npm/ugosansh-mdl-datepicker/1.1.1/package.tgz
14 verbose folder /Users/ugo/www/archives/component/mdl/datepicker
15 verbose addLocalTarball adding from inside cache /Users/ugo/.npm/ugosansh-mdl-datepicker/1.1.1/package.tgz
16 verbose correctMkdir /Users/ugo/.npm correctMkdir not in flight; initializing
17 silly cache afterAdd ugosansh-mdl-datepicker@1.1.1
18 verbose afterAdd /Users/ugo/.npm/ugosansh-mdl-datepicker/1.1.1/package/package.json not in flight; writing
19 verbose correctMkdir /Users/ugo/.npm correctMkdir not in flight; initializing
20 verbose afterAdd /Users/ugo/.npm/ugosansh-mdl-datepicker/1.1.1/package/package.json written
21 silly publish { name: 'ugosansh-mdl-datepicker',
21 silly publish   version: '1.1.1',
21 silly publish   description: 'Material design calendar and datepicker',
21 silly publish   main: 'index.js',
21 silly publish   scripts: { test: 'echo "Error: no test specified" && exit 1' },
21 silly publish   repository:
21 silly publish    { type: 'git',
21 silly publish      url: 'git+https://github.com/UgoSansH/mdl-datepicker.git' },
21 silly publish   readme: 'README.md',
21 silly publish   keywords: [ 'material', 'design', 'datepicker' ],
21 silly publish   author: { name: 'Ugo Without H', email: 'ugo@withouth.com' },
21 silly publish   license: 'Apache-2.0',
21 silly publish   devDependencies:
21 silly publish    { grunt: '^1.0.1',
21 silly publish      'grunt-contrib-compass': '^1.1.1',
21 silly publish      'grunt-contrib-cssmin': '^1.0.1',
21 silly publish      'grunt-contrib-uglify': '^1.0.1',
21 silly publish      'grunt-contrib-watch': '^1.0.0',
21 silly publish      'load-grunt-tasks': '^3.5.0' },
21 silly publish   dependencies: { moment: '^2.13.0' },
21 silly publish   gitHead: 'a60d50312161313d0ced875ed53d442a18835c33',
21 silly publish   bugs: { url: 'https://github.com/UgoSansH/mdl-datepicker/issues' },
21 silly publish   homepage: 'https://github.com/UgoSansH/mdl-datepicker#readme',
21 silly publish   _id: 'ugosansh-mdl-datepicker@1.1.1',
21 silly publish   _shasum: '72a8586a211ef37e0cbfbcf29509848b82ee1a36',
21 silly publish   _from: '.' }
22 verbose getPublishConfig undefined
23 silly mapToRegistry name ugosansh-mdl-datepicker
24 silly mapToRegistry using default registry
25 silly mapToRegistry registry https://registry.npmjs.org/
26 silly mapToRegistry data Result {
26 silly mapToRegistry   raw: 'ugosansh-mdl-datepicker',
26 silly mapToRegistry   scope: null,
26 silly mapToRegistry   escapedName: 'ugosansh-mdl-datepicker',
26 silly mapToRegistry   name: 'ugosansh-mdl-datepicker',
26 silly mapToRegistry   rawSpec: '',
26 silly mapToRegistry   spec: 'latest',
26 silly mapToRegistry   type: 'tag' }
27 silly mapToRegistry uri https://registry.npmjs.org/ugosansh-mdl-datepicker
28 verbose publish registryBase https://registry.npmjs.org/
29 silly publish uploading /Users/ugo/.npm/ugosansh-mdl-datepicker/1.1.1/package.tgz
30 verbose request uri https://registry.npmjs.org/ugosansh-mdl-datepicker
31 verbose request sending authorization for write operation
32 info attempt registry request try #1 at 16:32:26
33 verbose request using bearer token for auth
34 verbose request id d67d69c59597adac
35 http request PUT https://registry.npmjs.org/ugosansh-mdl-datepicker
36 http 403 https://registry.npmjs.org/ugosansh-mdl-datepicker
37 verbose headers { 'content-type': 'application/json',
37 verbose headers   'cache-control': 'max-age=300',
37 verbose headers   'content-length': '95',
37 verbose headers   'accept-ranges': 'bytes',
37 verbose headers   date: 'Mon, 21 Nov 2016 15:32:28 GMT',
37 verbose headers   via: '1.1 varnish',
37 verbose headers   connection: 'keep-alive',
37 verbose headers   'x-served-by': 'cache-cdg8731-CDG',
37 verbose headers   'x-cache': 'MISS',
37 verbose headers   'x-cache-hits': '0',
37 verbose headers   'x-timer': 'S1479742347.142707,VS0,VE1014',
37 verbose headers   vary: 'Accept-Encoding' }
38 verbose request invalidating /Users/ugo/.npm/registry.npmjs.org/ugosansh-mdl-datepicker on PUT
39 error publish Failed PUT 403
40 verbose stack Error: "You cannot publish over the previously published version 1.1.1." : ugosansh-mdl-datepicker
40 verbose stack     at makeError (/usr/local/lib/node_modules/npm/node_modules/npm-registry-client/lib/request.js:264:12)
40 verbose stack     at CachingRegistryClient.<anonymous> (/usr/local/lib/node_modules/npm/node_modules/npm-registry-client/lib/request.js:252:14)
40 verbose stack     at Request._callback (/usr/local/lib/node_modules/npm/node_modules/npm-registry-client/lib/request.js:172:14)
40 verbose stack     at Request.self.callback (/usr/local/lib/node_modules/npm/node_modules/request/request.js:200:22)
40 verbose stack     at emitTwo (events.js:87:13)
40 verbose stack     at Request.emit (events.js:172:7)
40 verbose stack     at Request.<anonymous> (/usr/local/lib/node_modules/npm/node_modules/request/request.js:1067:10)
40 verbose stack     at emitOne (events.js:82:20)
40 verbose stack     at Request.emit (events.js:169:7)
40 verbose stack     at IncomingMessage.<anonymous> (/usr/local/lib/node_modules/npm/node_modules/request/request.js:988:12)
41 verbose statusCode 403
42 verbose pkgid ugosansh-mdl-datepicker
43 verbose cwd /Users/ugo/www/archives/component/mdl/datepicker
44 error Darwin 14.5.0
45 error argv "/usr/local/bin/node" "/usr/local/bin/npm" "publish"
46 error node v4.2.1
47 error npm  v3.10.3
48 error code E403
49 error "You cannot publish over the previously published version 1.1.1." : ugosansh-mdl-datepicker
50 error If you need help, you may report this error at:
50 error     <https://github.com/npm/npm/issues>
51 verbose exit [ 1, true ]
